  Buttons.cpp
d:\freelancing\minesweeper\minesweeper-vs\minesweeper\minesweeper\buttons.cpp(44): warning C4244: 'argument': conversion from 'unsigned int' to 'float', possible loss of data
d:\freelancing\minesweeper\minesweeper-vs\minesweeper\minesweeper\buttons.cpp(44): warning C4244: 'argument': conversion from 'int' to 'float', possible loss of data
d:\freelancing\minesweeper\minesweeper-vs\minesweeper\minesweeper\buttons.cpp(45): warning C4244: 'argument': conversion from 'unsigned int' to 'float', possible loss of data
d:\freelancing\minesweeper\minesweeper-vs\minesweeper\minesweeper\buttons.cpp(45): warning C4244: 'argument': conversion from 'int' to 'float', possible loss of data
d:\freelancing\minesweeper\minesweeper-vs\minesweeper\minesweeper\buttons.cpp(46): warning C4244: 'argument': conversion from 'unsigned int' to 'float', possible loss of data
d:\freelancing\minesweeper\minesweeper-vs\minesweeper\minesweeper\buttons.cpp(46): warning C4244: 'argument': conversion from 'int' to 'float', possible loss of data
d:\freelancing\minesweeper\minesweeper-vs\minesweeper\minesweeper\buttons.cpp(47): warning C4244: 'argument': conversion from 'unsigned int' to 'float', possible loss of data
d:\freelancing\minesweeper\minesweeper-vs\minesweeper\minesweeper\buttons.cpp(47): warning C4244: 'argument': conversion from 'int' to 'float', possible loss of data
d:\freelancing\minesweeper\minesweeper-vs\minesweeper\minesweeper\buttons.cpp(60): warning C4244: 'argument': conversion from 'unsigned int' to 'float', possible loss of data
d:\freelancing\minesweeper\minesweeper-vs\minesweeper\minesweeper\buttons.cpp(61): warning C4244: 'argument': conversion from 'unsigned int' to 'float', possible loss of data
d:\freelancing\minesweeper\minesweeper-vs\minesweeper\minesweeper\buttons.cpp(62): warning C4244: 'argument': conversion from 'unsigned int' to 'float', possible loss of data
d:\freelancing\minesweeper\minesweeper-vs\minesweeper\minesweeper\buttons.cpp(63): warning C4244: 'argument': conversion from 'unsigned int' to 'float', possible loss of data
d:\freelancing\minesweeper\minesweeper-vs\minesweeper\minesweeper\buttons.cpp(74): warning C4244: 'argument': conversion from 'unsigned int' to 'float', possible loss of data
d:\freelancing\minesweeper\minesweeper-vs\minesweeper\minesweeper\buttons.cpp(75): warning C4244: 'argument': conversion from 'unsigned int' to 'float', possible loss of data
d:\freelancing\minesweeper\minesweeper-vs\minesweeper\minesweeper\buttons.cpp(76): warning C4244: 'argument': conversion from 'unsigned int' to 'float', possible loss of data
d:\freelancing\minesweeper\minesweeper-vs\minesweeper\minesweeper\buttons.cpp(77): warning C4244: 'argument': conversion from 'unsigned int' to 'float', possible loss of data
d:\freelancing\minesweeper\minesweeper-vs\minesweeper\minesweeper\buttons.cpp(93): warning C4244: 'argument': conversion from 'unsigned int' to 'float', possible loss of data
d:\freelancing\minesweeper\minesweeper-vs\minesweeper\minesweeper\buttons.cpp(94): warning C4244: 'argument': conversion from 'unsigned int' to 'float', possible loss of data
d:\freelancing\minesweeper\minesweeper-vs\minesweeper\minesweeper\buttons.cpp(95): warning C4244: 'argument': conversion from 'unsigned int' to 'float', possible loss of data
d:\freelancing\minesweeper\minesweeper-vs\minesweeper\minesweeper\buttons.cpp(96): warning C4244: 'argument': conversion from 'unsigned int' to 'float', possible loss of data
d:\freelancing\minesweeper\minesweeper-vs\minesweeper\minesweeper\buttons.cpp(99): warning C4244: 'argument': conversion from 'int' to 'float', possible loss of data
d:\freelancing\minesweeper\minesweeper-vs\minesweeper\minesweeper\buttons.cpp(100): warning C4244: 'argument': conversion from 'int' to 'float', possible loss of data
d:\freelancing\minesweeper\minesweeper-vs\minesweeper\minesweeper\buttons.cpp(101): warning C4244: 'argument': conversion from 'int' to 'float', possible loss of data
d:\freelancing\minesweeper\minesweeper-vs\minesweeper\minesweeper\buttons.cpp(102): warning C4244: 'argument': conversion from 'int' to 'float', possible loss of data
d:\freelancing\minesweeper\minesweeper-vs\minesweeper\minesweeper\buttons.cpp(129): warning C4018: '>=': signed/unsigned mismatch
d:\freelancing\minesweeper\minesweeper-vs\minesweeper\minesweeper\buttons.cpp(131): warning C4018: '>=': signed/unsigned mismatch
d:\freelancing\minesweeper\minesweeper-vs\minesweeper\minesweeper\buttons.cpp(131): warning C4018: '<': signed/unsigned mismatch
d:\freelancing\minesweeper\minesweeper-vs\minesweeper\minesweeper\buttons.cpp(137): warning C4018: '>=': signed/unsigned mismatch
d:\freelancing\minesweeper\minesweeper-vs\minesweeper\minesweeper\buttons.cpp(137): warning C4018: '<': signed/unsigned mismatch
d:\freelancing\minesweeper\minesweeper-vs\minesweeper\minesweeper\buttons.cpp(142): warning C4018: '>=': signed/unsigned mismatch
  minesweeper.vcxproj -> D:\freelancing\minesweeper\MineSweeper-VS\MineSweeper\x64\Debug\minesweeper.exe
  minesweeper.vcxproj -> D:\freelancing\minesweeper\MineSweeper-VS\MineSweeper\x64\Debug\minesweeper.pdb (Partial PDB)
